<?xml version="1.0" encoding="UTF-8"?>
<!-- Generated by org.testng.reporters.JUnitReportReporter -->
<testsuite skipped="0" hostname="LAPTOP-AQEHHIK2" name="Automation.MavenJava9.Test2" tests="2" failures="0" timestamp="2022-04-03T22:27:29 IST" time="0.007" errors="0">
  <testcase name="orange" time="0.006" classname="Automation.MavenJava9.Test2"/>
  <system-out/>
  <testcase name="yellow" time="0.001" classname="Automation.MavenJava9.Test2"/>
  <system-out/>
</testsuite> <!-- Automation.MavenJava9.Test2 -->
