<?xml version="1.0" encoding="UTF-8"?>
<!-- Generated by org.testng.reporters.JUnitReportReporter -->
<testsuite skipped="0" hostname="LAPTOP-AQEHHIK2" name="Automation.MavenJava9.Test1" tests="2" failures="0" timestamp="2022-04-03T23:50:18 IST" time="0.009" errors="0">
  <testcase name="green" time="0.008" classname="Automation.MavenJava9.Test1"/>
  <system-out/>
  <testcase name="red" time="0.001" classname="Automation.MavenJava9.Test1"/>
  <system-out/>
</testsuite> <!-- Automation.MavenJava9.Test1 -->
