<?xml version="1.0" encoding="UTF-8"?>
<!-- Generated by org.testng.reporters.JUnitReportReporter -->
<testsuite skipped="0" hostname="LAPTOP-AQEHHIK2" name="Automation.MavenJava9.Test3" tests="2" failures="0" timestamp="2022-04-03T22:27:48 IST" time="0.030" errors="0">
  <testcase name="black" time="0.027" classname="Automation.MavenJava9.Test3"/>
  <system-out/>
  <testcase name="white" time="0.003" classname="Automation.MavenJava9.Test3"/>
  <system-out/>
</testsuite> <!-- Automation.MavenJava9.Test3 -->
