<?xml version="1.0" encoding="UTF-8"?>
<!-- Generated by org.testng.reporters.JUnitReportReporter -->
<testsuite skipped="0" hostname="LAPTOP-AQEHHIK2" name="Automation.MavenJava9.Test2" tests="2" failures="0" timestamp="13 Apr 2022 16:18:07 GMT" time="0.001" errors="0">
  <testcase name="orange" time="0.001" classname="Automation.MavenJava9.Test2"/>
  <testcase name="yellow" time="0.000" classname="Automation.MavenJava9.Test2"/>
</testsuite> <!-- Automation.MavenJava9.Test2 -->
